<?xml version="1.0" encoding="UTF-8"?>
<testng-results ignored="0" total="1" passed="1" failed="0" skipped="0">
  <reporter-output>
  </reporter-output>
  <suite started-at="2023-02-18T22:56:17 IST" name="Suite" finished-at="2023-02-18T22:56:19 IST" duration-ms="2005">
    <groups>
      <group name="household">
        <method signature="NewTest_1.second_test()[pri:1, instance:test_cases.NewTest_1@194bcebf]" name="second_test" class="test_cases.NewTest_1"/>
      </group> <!-- household -->
    </groups>
    <test started-at="2023-02-18T22:56:17 IST" name="Test" finished-at="2023-02-18T22:56:19 IST" duration-ms="2005">
      <class name="test_cases.NewTest_1">
        <test-method is-config="true" signature="before_suite()[pri:0, instance:test_cases.NewTest_1@194bcebf]" started-at="2023-02-18T22:56:17 IST" name="before_suite" finished-at="2023-02-18T22:56:17 IST" duration-ms="4" status="PASS">
          <reporter-output>
          </reporter-output>
        </test-method> <!-- before_suite -->
        <test-method is-config="true" signature="beforeTest()[pri:0, instance:test_cases.NewTest_1@194bcebf]" started-at="2023-02-18T22:56:17 IST" name="beforeTest" finished-at="2023-02-18T22:56:19 IST" duration-ms="1968" status="PASS">
          <reporter-output>
          </reporter-output>
        </test-method> <!-- beforeTest -->
        <test-method is-config="true" signature="login()[pri:0, instance:test_cases.NewTest_1@194bcebf]" started-at="2023-02-18T22:56:19 IST" name="login" finished-at="2023-02-18T22:56:19 IST" duration-ms="0" status="PASS">
          <reporter-output>
          </reporter-output>
        </test-method> <!-- login -->
        <test-method signature="second_test()[pri:1, instance:test_cases.NewTest_1@194bcebf]" started-at="2023-02-18T22:56:19 IST" name="second_test" finished-at="2023-02-18T22:56:19 IST" duration-ms="4" status="PASS">
          <reporter-output>
          </reporter-output>
        </test-method> <!-- second_test -->
        <test-method is-config="true" signature="logout()[pri:0, instance:test_cases.NewTest_1@194bcebf]" started-at="2023-02-18T22:56:19 IST" name="logout" finished-at="2023-02-18T22:56:19 IST" duration-ms="0" status="PASS">
          <reporter-output>
          </reporter-output>
        </test-method> <!-- logout -->
        <test-method is-config="true" signature="afterTest()[pri:0, instance:test_cases.NewTest_1@194bcebf]" started-at="2023-02-18T22:56:19 IST" name="afterTest" finished-at="2023-02-18T22:56:19 IST" duration-ms="1" status="PASS">
          <reporter-output>
          </reporter-output>
        </test-method> <!-- afterTest -->
        <test-method is-config="true" signature="after_suite()[pri:0, instance:test_cases.NewTest_1@194bcebf]" started-at="2023-02-18T22:56:19 IST" name="after_suite" finished-at="2023-02-18T22:56:19 IST" duration-ms="0" status="PASS">
          <reporter-output>
          </reporter-output>
        </test-method> <!-- after_suite -->
      </class> <!-- test_cases.NewTest_1 -->
    </test> <!-- Test -->
  </suite> <!-- Suite -->
</testng-results>
